<?xml version="1.0" encoding="UTF-8"?>
<!-- Generated by org.testng.reporters.JUnitReportReporter -->
<testsuite skipped="0" hostname="DESKTOP-A0IO5O7" name="DataDrivenPractice.ValidLoginTest" tests="1" failures="0" timestamp="24 Jan 2021 14:36:08 GMT" time="42.278" errors="0">
  <testcase name="test" time="42.278" classname="DataDrivenPractice.ValidLoginTest"/>
</testsuite> <!-- DataDrivenPractice.ValidLoginTest -->
