<?xml version="1.0" encoding="UTF-8"?>
<!-- Generated by org.testng.reporters.JUnitReportReporter -->
<testsuite skipped="0" hostname="DESKTOP-A0IO5O7" name="MethodDriven.ValidLoginTest" tests="1" failures="0" timestamp="02 Feb 2021 16:44:40 GMT" time="49.003" errors="0">
  <testcase name="run" time="49.003" classname="MethodDriven.ValidLoginTest"/>
</testsuite> <!-- MethodDriven.ValidLoginTest -->
