<?xml version="1.0" encoding="UTF-8"?>
<!-- Generated by org.testng.reporters.JUnitReportReporter -->
<testsuite skipped="0" hostname="DESKTOP-A0IO5O7" name="PracticeMethodDriven.ValidLoginPage" tests="1" failures="0" timestamp="03 Feb 2021 06:02:18 GMT" time="58.978" errors="0">
  <testcase name="run" time="58.978" classname="PracticeMethodDriven.ValidLoginPage"/>
</testsuite> <!-- PracticeMethodDriven.ValidLoginPage -->
