<?xml version="1.0" encoding="UTF-8"?>
<!-- Generated by org.testng.reporters.JUnitReportReporter -->
<testsuite skipped="0" hostname="DESKTOP-A0IO5O7" name="com.actitime.TimeTrack.ValidLoginPage" tests="1" failures="0" timestamp="05 Feb 2021 13:12:19 GMT" time="69.132" errors="0">
  <testcase name="run" time="69.132" classname="com.actitime.TimeTrack.ValidLoginPage"/>
</testsuite> <!-- com.actitime.TimeTrack.ValidLoginPage -->
