<?xml version="1.0" encoding="UTF-8"?>
<!-- Generated by org.testng.reporters.JUnitReportReporter -->
<testsuite skipped="0" hostname="DESKTOP-A0IO5O7" name="com.actitime.users.CreateNewUser" tests="1" failures="0" timestamp="07 Feb 2021 19:06:20 GMT" time="67.327" errors="0">
  <testcase name="createNewUserTest" time="67.327" classname="com.actitime.users.CreateNewUser"/>
</testsuite> <!-- com.actitime.users.CreateNewUser -->
